<?xml version="1.0" encoding="UTF-8"?>
<!-- Generated by org.testng.reporters.JUnitReportReporter -->
<testsuite hostname="NTPL-IT-MAC-LAP0280" failures="0" tests="3" name="tests.TodosTest" time="3.595" errors="0" timestamp="2024-06-01T11:59:13 IST" skipped="0">
  <testcase classname="tests.TodosTest" name="verifyFancodeUsersCompletedTaskPercentShouldBeGreaterThan50" time="1.060"/>
  <testcase classname="tests.TodosTest" name="verifyFancodeUsersCompletedTaskPercentShouldBeGreaterThan50" time="1.464"/>
  <testcase classname="tests.TodosTest" name="verifyFancodeUsersCompletedTaskPercentShouldBeGreaterThan50" time="1.071"/>
</testsuite> <!-- tests.TodosTest -->
